2017-03-10 12:02:02 [scrapy.utils.log] INFO: Scrapy 1.3.2 started (bot: jd_comment)
2017-03-10 12:02:02 [scrapy.utils.log] INFO: Overridden settings: {'NEWSPIDER_MODULE': 'jd_comment.spiders', 'SPIDER_MODULES': ['jd_comment.spiders'], 'ROBOTSTXT_OBEY': True, 'DOWNLOAD_DELAY': 2, 'BOT_NAME': 'jd_comment'}
2017-03-10 12:02:02 [scrapy.middleware] INFO: Enabled extensions:
['scrapy.extensions.logstats.LogStats',
 'scrapy.extensions.telnet.TelnetConsole',
 'scrapy.extensions.corestats.CoreStats',
 'scrapy.extensions.spiderstate.SpiderState']
2017-03-10 12:02:03 [scrapy.middleware] INFO: Enabled downloader middlewares:
['scrapy.downloadermiddlewares.robotstxt.RobotsTxtMiddleware',
 'scrapy.downloadermiddlewares.httpauth.HttpAuthMiddleware',
 'scrapy.downloadermiddlewares.downloadtimeout.DownloadTimeoutMiddleware',
 'scrapy.downloadermiddlewares.defaultheaders.DefaultHeadersMiddleware',
 'scrapy.downloadermiddlewares.useragent.UserAgentMiddleware',
 'scrapy.downloadermiddlewares.retry.RetryMiddleware',
 'scrapy.downloadermiddlewares.redirect.MetaRefreshMiddleware',
 'scrapy.downloadermiddlewares.httpcompression.HttpCompressionMiddleware',
 'scrapy.downloadermiddlewares.redirect.RedirectMiddleware',
 'scrapy.downloadermiddlewares.cookies.CookiesMiddleware',
 'scrapy.downloadermiddlewares.stats.DownloaderStats']
2017-03-10 12:02:03 [scrapy.middleware] INFO: Enabled spider middlewares:
['scrapy.spidermiddlewares.httperror.HttpErrorMiddleware',
 'scrapy.spidermiddlewares.offsite.OffsiteMiddleware',
 'scrapy.spidermiddlewares.referer.RefererMiddleware',
 'scrapy.spidermiddlewares.urllength.UrlLengthMiddleware',
 'scrapy.spidermiddlewares.depth.DepthMiddleware']
2017-03-10 12:02:03 [scrapy.middleware] INFO: Enabled item pipelines:
['jd_comment.pipelines.JdCommentPipeline']
2017-03-10 12:02:03 [scrapy.core.engine] INFO: Spider opened
2017-03-10 12:02:03 [scrapy.extensions.logstats] INFO: Crawled 0 pages (at 0 pages/min), scraped 0 items (at 0 items/min)
2017-03-10 12:02:03 [scrapy.extensions.telnet] DEBUG: Telnet console listening on 127.0.0.1:6023
2017-03-10 12:02:03 [scrapy.dupefilters] DEBUG: Filtered duplicate request: <GET http://club.jd.com/comment/productPageComments.action?productId=1703850&score=0&sortType=5&page=0&pageSize=10> - no more duplicates will be shown (see DUPEFILTER_DEBUG to show all duplicates)
2017-03-10 12:02:03 [scrapy.downloadermiddlewares.redirect] DEBUG: Redirecting (302) to <GET http://www.jd.com/error2.aspx> from <GET http://club.jd.com/robots.txt>
2017-03-10 12:02:05 [scrapy.downloadermiddlewares.redirect] DEBUG: Redirecting (302) to <GET https://www.jd.com/error2.aspx> from <GET http://www.jd.com/error2.aspx>
2017-03-10 12:02:07 [scrapy.core.engine] DEBUG: Crawled (200) <GET https://www.jd.com/error2.aspx> (referer: None)
2017-03-10 12:02:09 [scrapy.core.engine] DEBUG: Crawled (200) <GET http://club.jd.com/comment/productPageComments.action?productId=1703850&score=0&sortType=5&page=444&pageSize=10> (referer: None)
2017-03-10 12:02:12 [scrapy.core.engine] DEBUG: Crawled (200) <GET http://club.jd.com/comment/productPageComments.action?productId=1703850&score=0&sortType=5&page=445&pageSize=10> (referer: None)
2017-03-10 12:02:15 [scrapy.core.engine] DEBUG: Crawled (200) <GET http://club.jd.com/comment/productPageComments.action?productId=1703850&score=0&sortType=5&page=446&pageSize=10> (referer: None)
2017-03-10 12:02:17 [scrapy.core.engine] DEBUG: Crawled (200) <GET http://club.jd.com/comment/productPageComments.action?productId=1703850&score=0&sortType=5&page=447&pageSize=10> (referer: None)
2017-03-10 12:02:20 [scrapy.core.engine] DEBUG: Crawled (200) <GET http://club.jd.com/comment/productPageComments.action?productId=1703850&score=0&sortType=5&page=448&pageSize=10> (referer: None)
2017-03-10 12:02:22 [scrapy.crawler] INFO: Received SIGINT, shutting down gracefully. Send again to force 
2017-03-10 12:02:22 [scrapy.core.engine] INFO: Closing spider (shutdown)
2017-03-10 12:02:22 [scrapy.crawler] INFO: Received SIGINT twice, forcing unclean shutdown
2017-03-10 12:04:03 [scrapy.utils.log] INFO: Scrapy 1.3.2 started (bot: jd_comment)
2017-03-10 12:04:03 [scrapy.utils.log] INFO: Overridden settings: {'NEWSPIDER_MODULE': 'jd_comment.spiders', 'SPIDER_MODULES': ['jd_comment.spiders'], 'ROBOTSTXT_OBEY': True, 'DOWNLOAD_DELAY': 2, 'BOT_NAME': 'jd_comment'}
2017-03-10 12:04:03 [scrapy.middleware] INFO: Enabled extensions:
['scrapy.extensions.logstats.LogStats',
 'scrapy.extensions.telnet.TelnetConsole',
 'scrapy.extensions.corestats.CoreStats',
 'scrapy.extensions.spiderstate.SpiderState']
2017-03-10 12:04:03 [scrapy.middleware] INFO: Enabled downloader middlewares:
['scrapy.downloadermiddlewares.robotstxt.RobotsTxtMiddleware',
 'scrapy.downloadermiddlewares.httpauth.HttpAuthMiddleware',
 'scrapy.downloadermiddlewares.downloadtimeout.DownloadTimeoutMiddleware',
 'scrapy.downloadermiddlewares.defaultheaders.DefaultHeadersMiddleware',
 'scrapy.downloadermiddlewares.useragent.UserAgentMiddleware',
 'scrapy.downloadermiddlewares.retry.RetryMiddleware',
 'scrapy.downloadermiddlewares.redirect.MetaRefreshMiddleware',
 'scrapy.downloadermiddlewares.httpcompression.HttpCompressionMiddleware',
 'scrapy.downloadermiddlewares.redirect.RedirectMiddleware',
 'scrapy.downloadermiddlewares.cookies.CookiesMiddleware',
 'scrapy.downloadermiddlewares.stats.DownloaderStats']
2017-03-10 12:04:03 [scrapy.middleware] INFO: Enabled spider middlewares:
['scrapy.spidermiddlewares.httperror.HttpErrorMiddleware',
 'scrapy.spidermiddlewares.offsite.OffsiteMiddleware',
 'scrapy.spidermiddlewares.referer.RefererMiddleware',
 'scrapy.spidermiddlewares.urllength.UrlLengthMiddleware',
 'scrapy.spidermiddlewares.depth.DepthMiddleware']
2017-03-10 12:04:03 [scrapy.middleware] INFO: Enabled item pipelines:
['jd_comment.pipelines.JdCommentPipeline']
2017-03-10 12:04:03 [scrapy.core.engine] INFO: Spider opened
2017-03-10 12:04:03 [scrapy.extensions.logstats] INFO: Crawled 0 pages (at 0 pages/min), scraped 0 items (at 0 items/min)
2017-03-10 12:04:03 [scrapy.extensions.telnet] DEBUG: Telnet console listening on 127.0.0.1:6023
2017-03-10 12:04:03 [scrapy.dupefilters] DEBUG: Filtered duplicate request: <GET http://club.jd.com/comment/productPageComments.action?productId=1703850&score=0&sortType=5&page=0&pageSize=10> - no more duplicates will be shown (see DUPEFILTER_DEBUG to show all duplicates)
2017-03-10 12:04:03 [scrapy.downloadermiddlewares.redirect] DEBUG: Redirecting (302) to <GET http://www.jd.com/error2.aspx> from <GET http://club.jd.com/robots.txt>
2017-03-10 12:04:05 [scrapy.downloadermiddlewares.redirect] DEBUG: Redirecting (302) to <GET https://www.jd.com/error2.aspx> from <GET http://www.jd.com/error2.aspx>
2017-03-10 12:04:08 [scrapy.core.engine] DEBUG: Crawled (200) <GET https://www.jd.com/error2.aspx> (referer: None)
2017-03-10 12:04:10 [scrapy.core.engine] DEBUG: Crawled (200) <GET http://club.jd.com/comment/productPageComments.action?productId=1703850&score=0&sortType=5&page=465&pageSize=10> (referer: None)
2017-03-10 12:04:12 [scrapy.core.engine] DEBUG: Crawled (200) <GET http://club.jd.com/comment/productPageComments.action?productId=1703850&score=0&sortType=5&page=466&pageSize=10> (referer: None)
2017-03-10 12:04:12 [scrapy.crawler] INFO: Received SIGINT, shutting down gracefully. Send again to force 
2017-03-10 12:04:12 [scrapy.core.engine] INFO: Closing spider (shutdown)
2017-03-10 12:04:12 [scrapy.crawler] INFO: Received SIGINT twice, forcing unclean shutdown
2017-03-10 12:05:53 [scrapy.utils.log] INFO: Scrapy 1.3.2 started (bot: jd_comment)
2017-03-10 12:05:53 [scrapy.utils.log] INFO: Overridden settings: {'NEWSPIDER_MODULE': 'jd_comment.spiders', 'SPIDER_MODULES': ['jd_comment.spiders'], 'ROBOTSTXT_OBEY': True, 'DOWNLOAD_DELAY': 2, 'BOT_NAME': 'jd_comment'}
2017-03-10 12:05:53 [scrapy.middleware] INFO: Enabled extensions:
['scrapy.extensions.logstats.LogStats',
 'scrapy.extensions.telnet.TelnetConsole',
 'scrapy.extensions.corestats.CoreStats',
 'scrapy.extensions.spiderstate.SpiderState']
2017-03-10 12:05:53 [scrapy.middleware] INFO: Enabled downloader middlewares:
['scrapy.downloadermiddlewares.robotstxt.RobotsTxtMiddleware',
 'scrapy.downloadermiddlewares.httpauth.HttpAuthMiddleware',
 'scrapy.downloadermiddlewares.downloadtimeout.DownloadTimeoutMiddleware',
 'scrapy.downloadermiddlewares.defaultheaders.DefaultHeadersMiddleware',
 'scrapy.downloadermiddlewares.useragent.UserAgentMiddleware',
 'scrapy.downloadermiddlewares.retry.RetryMiddleware',
 'scrapy.downloadermiddlewares.redirect.MetaRefreshMiddleware',
 'scrapy.downloadermiddlewares.httpcompression.HttpCompressionMiddleware',
 'scrapy.downloadermiddlewares.redirect.RedirectMiddleware',
 'scrapy.downloadermiddlewares.cookies.CookiesMiddleware',
 'scrapy.downloadermiddlewares.stats.DownloaderStats']
2017-03-10 12:05:53 [scrapy.middleware] INFO: Enabled spider middlewares:
['scrapy.spidermiddlewares.httperror.HttpErrorMiddleware',
 'scrapy.spidermiddlewares.offsite.OffsiteMiddleware',
 'scrapy.spidermiddlewares.referer.RefererMiddleware',
 'scrapy.spidermiddlewares.urllength.UrlLengthMiddleware',
 'scrapy.spidermiddlewares.depth.DepthMiddleware']
2017-03-10 12:05:53 [scrapy.middleware] INFO: Enabled item pipelines:
['jd_comment.pipelines.JdCommentPipeline']
2017-03-10 12:05:53 [scrapy.core.engine] INFO: Spider opened
2017-03-10 12:05:53 [scrapy.extensions.logstats] INFO: Crawled 0 pages (at 0 pages/min), scraped 0 items (at 0 items/min)
2017-03-10 12:05:53 [scrapy.extensions.telnet] DEBUG: Telnet console listening on 127.0.0.1:6023
2017-03-10 12:05:53 [scrapy.dupefilters] DEBUG: Filtered duplicate request: <GET http://club.jd.com/comment/productPageComments.action?productId=1703850&score=0&sortType=5&page=0&pageSize=10> - no more duplicates will be shown (see DUPEFILTER_DEBUG to show all duplicates)
2017-03-10 12:05:53 [scrapy.downloadermiddlewares.redirect] DEBUG: Redirecting (302) to <GET http://www.jd.com/error2.aspx> from <GET http://club.jd.com/robots.txt>
2017-03-10 12:05:55 [scrapy.downloadermiddlewares.redirect] DEBUG: Redirecting (302) to <GET https://www.jd.com/error2.aspx> from <GET http://www.jd.com/error2.aspx>
2017-03-10 12:05:56 [scrapy.core.engine] DEBUG: Crawled (200) <GET https://www.jd.com/error2.aspx> (referer: None)
2017-03-10 12:05:59 [scrapy.core.engine] DEBUG: Crawled (200) <GET http://club.jd.com/comment/productPageComments.action?productId=1703850&score=0&sortType=5&page=483&pageSize=10> (referer: None)
2017-03-10 12:06:02 [scrapy.crawler] INFO: Received SIGINT, shutting down gracefully. Send again to force 
2017-03-10 12:06:02 [scrapy.core.engine] INFO: Closing spider (shutdown)
2017-03-10 12:06:02 [scrapy.crawler] INFO: Received SIGINT twice, forcing unclean shutdown
2017-03-10 12:07:43 [scrapy.utils.log] INFO: Scrapy 1.3.2 started (bot: jd_comment)
2017-03-10 12:07:43 [scrapy.utils.log] INFO: Overridden settings: {'NEWSPIDER_MODULE': 'jd_comment.spiders', 'SPIDER_MODULES': ['jd_comment.spiders'], 'ROBOTSTXT_OBEY': True, 'DOWNLOAD_DELAY': 2, 'BOT_NAME': 'jd_comment'}
2017-03-10 12:07:43 [scrapy.middleware] INFO: Enabled extensions:
['scrapy.extensions.logstats.LogStats',
 'scrapy.extensions.telnet.TelnetConsole',
 'scrapy.extensions.corestats.CoreStats',
 'scrapy.extensions.spiderstate.SpiderState']
2017-03-10 12:07:43 [scrapy.middleware] INFO: Enabled downloader middlewares:
['scrapy.downloadermiddlewares.robotstxt.RobotsTxtMiddleware',
 'scrapy.downloadermiddlewares.httpauth.HttpAuthMiddleware',
 'scrapy.downloadermiddlewares.downloadtimeout.DownloadTimeoutMiddleware',
 'scrapy.downloadermiddlewares.defaultheaders.DefaultHeadersMiddleware',
 'scrapy.downloadermiddlewares.useragent.UserAgentMiddleware',
 'scrapy.downloadermiddlewares.retry.RetryMiddleware',
 'scrapy.downloadermiddlewares.redirect.MetaRefreshMiddleware',
 'scrapy.downloadermiddlewares.httpcompression.HttpCompressionMiddleware',
 'scrapy.downloadermiddlewares.redirect.RedirectMiddleware',
 'scrapy.downloadermiddlewares.cookies.CookiesMiddleware',
 'scrapy.downloadermiddlewares.stats.DownloaderStats']
2017-03-10 12:07:43 [scrapy.middleware] INFO: Enabled spider middlewares:
['scrapy.spidermiddlewares.httperror.HttpErrorMiddleware',
 'scrapy.spidermiddlewares.offsite.OffsiteMiddleware',
 'scrapy.spidermiddlewares.referer.RefererMiddleware',
 'scrapy.spidermiddlewares.urllength.UrlLengthMiddleware',
 'scrapy.spidermiddlewares.depth.DepthMiddleware']
2017-03-10 12:07:43 [scrapy.middleware] INFO: Enabled item pipelines:
['jd_comment.pipelines.JdCommentPipeline']
2017-03-10 12:07:43 [scrapy.core.engine] INFO: Spider opened
2017-03-10 12:07:43 [scrapy.extensions.logstats] INFO: Crawled 0 pages (at 0 pages/min), scraped 0 items (at 0 items/min)
2017-03-10 12:07:43 [scrapy.extensions.telnet] DEBUG: Telnet console listening on 127.0.0.1:6023
2017-03-10 12:07:43 [scrapy.dupefilters] DEBUG: Filtered duplicate request: <GET http://club.jd.com/comment/productPageComments.action?productId=1703850&score=0&sortType=5&page=0&pageSize=10> - no more duplicates will be shown (see DUPEFILTER_DEBUG to show all duplicates)
2017-03-10 12:07:43 [scrapy.downloadermiddlewares.redirect] DEBUG: Redirecting (302) to <GET http://www.jd.com/error2.aspx> from <GET http://club.jd.com/robots.txt>
2017-03-10 12:07:46 [scrapy.downloadermiddlewares.redirect] DEBUG: Redirecting (302) to <GET https://www.jd.com/error2.aspx> from <GET http://www.jd.com/error2.aspx>
2017-03-10 12:07:47 [scrapy.core.engine] DEBUG: Crawled (200) <GET https://www.jd.com/error2.aspx> (referer: None)
2017-03-10 12:07:49 [scrapy.core.engine] DEBUG: Crawled (200) <GET http://club.jd.com/comment/productPageComments.action?productId=1703850&score=0&sortType=5&page=500&pageSize=10> (referer: None)
2017-03-10 12:07:52 [scrapy.crawler] INFO: Received SIGINT, shutting down gracefully. Send again to force 
2017-03-10 12:07:52 [scrapy.core.engine] INFO: Closing spider (shutdown)
2017-03-10 12:07:52 [scrapy.crawler] INFO: Received SIGINT twice, forcing unclean shutdown
2017-03-10 12:09:33 [scrapy.utils.log] INFO: Scrapy 1.3.2 started (bot: jd_comment)
2017-03-10 12:09:33 [scrapy.utils.log] INFO: Overridden settings: {'NEWSPIDER_MODULE': 'jd_comment.spiders', 'SPIDER_MODULES': ['jd_comment.spiders'], 'ROBOTSTXT_OBEY': True, 'DOWNLOAD_DELAY': 2, 'BOT_NAME': 'jd_comment'}
2017-03-10 12:09:33 [scrapy.middleware] INFO: Enabled extensions:
['scrapy.extensions.logstats.LogStats',
 'scrapy.extensions.telnet.TelnetConsole',
 'scrapy.extensions.corestats.CoreStats',
 'scrapy.extensions.spiderstate.SpiderState']
2017-03-10 12:09:33 [scrapy.middleware] INFO: Enabled downloader middlewares:
['scrapy.downloadermiddlewares.robotstxt.RobotsTxtMiddleware',
 'scrapy.downloadermiddlewares.httpauth.HttpAuthMiddleware',
 'scrapy.downloadermiddlewares.downloadtimeout.DownloadTimeoutMiddleware',
 'scrapy.downloadermiddlewares.defaultheaders.DefaultHeadersMiddleware',
 'scrapy.downloadermiddlewares.useragent.UserAgentMiddleware',
 'scrapy.downloadermiddlewares.retry.RetryMiddleware',
 'scrapy.downloadermiddlewares.redirect.MetaRefreshMiddleware',
 'scrapy.downloadermiddlewares.httpcompression.HttpCompressionMiddleware',
 'scrapy.downloadermiddlewares.redirect.RedirectMiddleware',
 'scrapy.downloadermiddlewares.cookies.CookiesMiddleware',
 'scrapy.downloadermiddlewares.stats.DownloaderStats']
2017-03-10 12:09:33 [scrapy.middleware] INFO: Enabled spider middlewares:
['scrapy.spidermiddlewares.httperror.HttpErrorMiddleware',
 'scrapy.spidermiddlewares.offsite.OffsiteMiddleware',
 'scrapy.spidermiddlewares.referer.RefererMiddleware',
 'scrapy.spidermiddlewares.urllength.UrlLengthMiddleware',
 'scrapy.spidermiddlewares.depth.DepthMiddleware']
2017-03-10 12:09:33 [scrapy.middleware] INFO: Enabled item pipelines:
['jd_comment.pipelines.JdCommentPipeline']
2017-03-10 12:09:33 [scrapy.core.engine] INFO: Spider opened
2017-03-10 12:09:33 [scrapy.extensions.logstats] INFO: Crawled 0 pages (at 0 pages/min), scraped 0 items (at 0 items/min)
2017-03-10 12:09:33 [scrapy.extensions.telnet] DEBUG: Telnet console listening on 127.0.0.1:6023
2017-03-10 12:09:33 [scrapy.dupefilters] DEBUG: Filtered duplicate request: <GET http://club.jd.com/comment/productPageComments.action?productId=1703850&score=0&sortType=5&page=0&pageSize=10> - no more duplicates will be shown (see DUPEFILTER_DEBUG to show all duplicates)
2017-03-10 12:09:33 [scrapy.downloadermiddlewares.redirect] DEBUG: Redirecting (302) to <GET http://www.jd.com/error2.aspx> from <GET http://club.jd.com/robots.txt>
2017-03-10 12:09:35 [scrapy.downloadermiddlewares.redirect] DEBUG: Redirecting (302) to <GET https://www.jd.com/error2.aspx> from <GET http://www.jd.com/error2.aspx>
2017-03-10 12:09:37 [scrapy.core.engine] DEBUG: Crawled (200) <GET https://www.jd.com/error2.aspx> (referer: None)
2017-03-10 12:09:39 [scrapy.core.engine] DEBUG: Crawled (200) <GET http://club.jd.com/comment/productPageComments.action?productId=1703850&score=0&sortType=5&page=517&pageSize=10> (referer: None)
2017-03-10 12:09:41 [scrapy.core.engine] DEBUG: Crawled (200) <GET http://club.jd.com/comment/productPageComments.action?productId=1703850&score=0&sortType=5&page=518&pageSize=10> (referer: None)
2017-03-10 12:09:42 [scrapy.crawler] INFO: Received SIGINT, shutting down gracefully. Send again to force 
2017-03-10 12:09:42 [scrapy.core.engine] INFO: Closing spider (shutdown)
2017-03-10 12:09:42 [scrapy.crawler] INFO: Received SIGINT twice, forcing unclean shutdown
2017-03-10 12:11:23 [scrapy.utils.log] INFO: Scrapy 1.3.2 started (bot: jd_comment)
2017-03-10 12:11:23 [scrapy.utils.log] INFO: Overridden settings: {'NEWSPIDER_MODULE': 'jd_comment.spiders', 'SPIDER_MODULES': ['jd_comment.spiders'], 'ROBOTSTXT_OBEY': True, 'DOWNLOAD_DELAY': 2, 'BOT_NAME': 'jd_comment'}
2017-03-10 12:11:23 [scrapy.middleware] INFO: Enabled extensions:
['scrapy.extensions.logstats.LogStats',
 'scrapy.extensions.telnet.TelnetConsole',
 'scrapy.extensions.corestats.CoreStats',
 'scrapy.extensions.spiderstate.SpiderState']
2017-03-10 12:11:23 [scrapy.middleware] INFO: Enabled downloader middlewares:
['scrapy.downloadermiddlewares.robotstxt.RobotsTxtMiddleware',
 'scrapy.downloadermiddlewares.httpauth.HttpAuthMiddleware',
 'scrapy.downloadermiddlewares.downloadtimeout.DownloadTimeoutMiddleware',
 'scrapy.downloadermiddlewares.defaultheaders.DefaultHeadersMiddleware',
 'scrapy.downloadermiddlewares.useragent.UserAgentMiddleware',
 'scrapy.downloadermiddlewares.retry.RetryMiddleware',
 'scrapy.downloadermiddlewares.redirect.MetaRefreshMiddleware',
 'scrapy.downloadermiddlewares.httpcompression.HttpCompressionMiddleware',
 'scrapy.downloadermiddlewares.redirect.RedirectMiddleware',
 'scrapy.downloadermiddlewares.cookies.CookiesMiddleware',
 'scrapy.downloadermiddlewares.stats.DownloaderStats']
2017-03-10 12:11:23 [scrapy.middleware] INFO: Enabled spider middlewares:
['scrapy.spidermiddlewares.httperror.HttpErrorMiddleware',
 'scrapy.spidermiddlewares.offsite.OffsiteMiddleware',
 'scrapy.spidermiddlewares.referer.RefererMiddleware',
 'scrapy.spidermiddlewares.urllength.UrlLengthMiddleware',
 'scrapy.spidermiddlewares.depth.DepthMiddleware']
2017-03-10 12:11:23 [scrapy.middleware] INFO: Enabled item pipelines:
['jd_comment.pipelines.JdCommentPipeline']
2017-03-10 12:11:23 [scrapy.core.engine] INFO: Spider opened
2017-03-10 12:11:23 [scrapy.extensions.logstats] INFO: Crawled 0 pages (at 0 pages/min), scraped 0 items (at 0 items/min)
2017-03-10 12:11:23 [scrapy.extensions.telnet] DEBUG: Telnet console listening on 127.0.0.1:6023
2017-03-10 12:11:23 [scrapy.dupefilters] DEBUG: Filtered duplicate request: <GET http://club.jd.com/comment/productPageComments.action?productId=1703850&score=0&sortType=5&page=0&pageSize=10> - no more duplicates will be shown (see DUPEFILTER_DEBUG to show all duplicates)
2017-03-10 12:11:23 [scrapy.downloadermiddlewares.redirect] DEBUG: Redirecting (302) to <GET http://www.jd.com/error2.aspx> from <GET http://club.jd.com/robots.txt>
2017-03-10 12:11:25 [scrapy.downloadermiddlewares.redirect] DEBUG: Redirecting (302) to <GET https://www.jd.com/error2.aspx> from <GET http://www.jd.com/error2.aspx>
2017-03-10 12:11:27 [scrapy.core.engine] DEBUG: Crawled (200) <GET https://www.jd.com/error2.aspx> (referer: None)
2017-03-10 12:11:30 [scrapy.core.engine] DEBUG: Crawled (200) <GET http://club.jd.com/comment/productPageComments.action?productId=1703850&score=0&sortType=5&page=535&pageSize=10> (referer: None)
2017-03-10 12:11:32 [scrapy.crawler] INFO: Received SIGINT, shutting down gracefully. Send again to force 
2017-03-10 12:11:32 [scrapy.core.engine] INFO: Closing spider (shutdown)
2017-03-10 12:11:32 [scrapy.crawler] INFO: Received SIGINT twice, forcing unclean shutdown
2017-03-10 12:13:13 [scrapy.utils.log] INFO: Scrapy 1.3.2 started (bot: jd_comment)
2017-03-10 12:13:13 [scrapy.utils.log] INFO: Overridden settings: {'NEWSPIDER_MODULE': 'jd_comment.spiders', 'SPIDER_MODULES': ['jd_comment.spiders'], 'ROBOTSTXT_OBEY': True, 'DOWNLOAD_DELAY': 2, 'BOT_NAME': 'jd_comment'}
2017-03-10 12:13:13 [scrapy.middleware] INFO: Enabled extensions:
['scrapy.extensions.logstats.LogStats',
 'scrapy.extensions.telnet.TelnetConsole',
 'scrapy.extensions.corestats.CoreStats',
 'scrapy.extensions.spiderstate.SpiderState']
2017-03-10 12:13:13 [scrapy.middleware] INFO: Enabled downloader middlewares:
['scrapy.downloadermiddlewares.robotstxt.RobotsTxtMiddleware',
 'scrapy.downloadermiddlewares.httpauth.HttpAuthMiddleware',
 'scrapy.downloadermiddlewares.downloadtimeout.DownloadTimeoutMiddleware',
 'scrapy.downloadermiddlewares.defaultheaders.DefaultHeadersMiddleware',
 'scrapy.downloadermiddlewares.useragent.UserAgentMiddleware',
 'scrapy.downloadermiddlewares.retry.RetryMiddleware',
 'scrapy.downloadermiddlewares.redirect.MetaRefreshMiddleware',
 'scrapy.downloadermiddlewares.httpcompression.HttpCompressionMiddleware',
 'scrapy.downloadermiddlewares.redirect.RedirectMiddleware',
 'scrapy.downloadermiddlewares.cookies.CookiesMiddleware',
 'scrapy.downloadermiddlewares.stats.DownloaderStats']
2017-03-10 12:13:13 [scrapy.middleware] INFO: Enabled spider middlewares:
['scrapy.spidermiddlewares.httperror.HttpErrorMiddleware',
 'scrapy.spidermiddlewares.offsite.OffsiteMiddleware',
 'scrapy.spidermiddlewares.referer.RefererMiddleware',
 'scrapy.spidermiddlewares.urllength.UrlLengthMiddleware',
 'scrapy.spidermiddlewares.depth.DepthMiddleware']
2017-03-10 12:13:13 [scrapy.middleware] INFO: Enabled item pipelines:
['jd_comment.pipelines.JdCommentPipeline']
2017-03-10 12:13:13 [scrapy.core.engine] INFO: Spider opened
2017-03-10 12:13:13 [scrapy.extensions.logstats] INFO: Crawled 0 pages (at 0 pages/min), scraped 0 items (at 0 items/min)
2017-03-10 12:13:13 [scrapy.extensions.telnet] DEBUG: Telnet console listening on 127.0.0.1:6023
2017-03-10 12:13:13 [scrapy.dupefilters] DEBUG: Filtered duplicate request: <GET http://club.jd.com/comment/productPageComments.action?productId=1703850&score=0&sortType=5&page=0&pageSize=10> - no more duplicates will be shown (see DUPEFILTER_DEBUG to show all duplicates)
2017-03-10 12:13:13 [scrapy.downloadermiddlewares.redirect] DEBUG: Redirecting (302) to <GET http://www.jd.com/error2.aspx> from <GET http://club.jd.com/robots.txt>
2017-03-10 12:13:16 [scrapy.downloadermiddlewares.redirect] DEBUG: Redirecting (302) to <GET https://www.jd.com/error2.aspx> from <GET http://www.jd.com/error2.aspx>
2017-03-10 12:13:18 [scrapy.core.engine] DEBUG: Crawled (200) <GET https://www.jd.com/error2.aspx> (referer: None)
2017-03-10 12:13:21 [scrapy.core.engine] DEBUG: Crawled (200) <GET http://club.jd.com/comment/productPageComments.action?productId=1703850&score=0&sortType=5&page=552&pageSize=10> (referer: None)
2017-03-10 12:13:22 [scrapy.crawler] INFO: Received SIGINT, shutting down gracefully. Send again to force 
2017-03-10 12:13:22 [scrapy.core.engine] INFO: Closing spider (shutdown)
2017-03-10 12:13:22 [scrapy.crawler] INFO: Received SIGINT twice, forcing unclean shutdown
2017-03-10 12:15:03 [scrapy.utils.log] INFO: Scrapy 1.3.2 started (bot: jd_comment)
2017-03-10 12:15:03 [scrapy.utils.log] INFO: Overridden settings: {'NEWSPIDER_MODULE': 'jd_comment.spiders', 'SPIDER_MODULES': ['jd_comment.spiders'], 'ROBOTSTXT_OBEY': True, 'DOWNLOAD_DELAY': 2, 'BOT_NAME': 'jd_comment'}
2017-03-10 12:15:03 [scrapy.middleware] INFO: Enabled extensions:
['scrapy.extensions.logstats.LogStats',
 'scrapy.extensions.telnet.TelnetConsole',
 'scrapy.extensions.corestats.CoreStats',
 'scrapy.extensions.spiderstate.SpiderState']
2017-03-10 12:15:03 [scrapy.middleware] INFO: Enabled downloader middlewares:
['scrapy.downloadermiddlewares.robotstxt.RobotsTxtMiddleware',
 'scrapy.downloadermiddlewares.httpauth.HttpAuthMiddleware',
 'scrapy.downloadermiddlewares.downloadtimeout.DownloadTimeoutMiddleware',
 'scrapy.downloadermiddlewares.defaultheaders.DefaultHeadersMiddleware',
 'scrapy.downloadermiddlewares.useragent.UserAgentMiddleware',
 'scrapy.downloadermiddlewares.retry.RetryMiddleware',
 'scrapy.downloadermiddlewares.redirect.MetaRefreshMiddleware',
 'scrapy.downloadermiddlewares.httpcompression.HttpCompressionMiddleware',
 'scrapy.downloadermiddlewares.redirect.RedirectMiddleware',
 'scrapy.downloadermiddlewares.cookies.CookiesMiddleware',
 'scrapy.downloadermiddlewares.stats.DownloaderStats']
2017-03-10 12:15:03 [scrapy.middleware] INFO: Enabled spider middlewares:
['scrapy.spidermiddlewares.httperror.HttpErrorMiddleware',
 'scrapy.spidermiddlewares.offsite.OffsiteMiddleware',
 'scrapy.spidermiddlewares.referer.RefererMiddleware',
 'scrapy.spidermiddlewares.urllength.UrlLengthMiddleware',
 'scrapy.spidermiddlewares.depth.DepthMiddleware']
2017-03-10 12:15:03 [scrapy.middleware] INFO: Enabled item pipelines:
['jd_comment.pipelines.JdCommentPipeline']
2017-03-10 12:15:03 [scrapy.core.engine] INFO: Spider opened
2017-03-10 12:15:03 [scrapy.extensions.logstats] INFO: Crawled 0 pages (at 0 pages/min), scraped 0 items (at 0 items/min)
2017-03-10 12:15:03 [scrapy.extensions.telnet] DEBUG: Telnet console listening on 127.0.0.1:6023
2017-03-10 12:15:03 [scrapy.dupefilters] DEBUG: Filtered duplicate request: <GET http://club.jd.com/comment/productPageComments.action?productId=1703850&score=0&sortType=5&page=0&pageSize=10> - no more duplicates will be shown (see DUPEFILTER_DEBUG to show all duplicates)
2017-03-10 12:15:03 [scrapy.downloadermiddlewares.redirect] DEBUG: Redirecting (302) to <GET http://www.jd.com/error2.aspx> from <GET http://club.jd.com/robots.txt>
2017-03-10 12:15:05 [scrapy.downloadermiddlewares.redirect] DEBUG: Redirecting (302) to <GET https://www.jd.com/error2.aspx> from <GET http://www.jd.com/error2.aspx>
2017-03-10 12:15:08 [scrapy.core.engine] DEBUG: Crawled (200) <GET https://www.jd.com/error2.aspx> (referer: None)
2017-03-10 12:15:10 [scrapy.core.engine] DEBUG: Crawled (200) <GET http://club.jd.com/comment/productPageComments.action?productId=1703850&score=0&sortType=5&page=569&pageSize=10> (referer: None)
2017-03-10 12:15:12 [scrapy.crawler] INFO: Received SIGINT, shutting down gracefully. Send again to force 
2017-03-10 12:15:12 [scrapy.core.engine] INFO: Closing spider (shutdown)
2017-03-10 12:15:12 [scrapy.crawler] INFO: Received SIGINT twice, forcing unclean shutdown
2017-03-10 12:16:53 [scrapy.utils.log] INFO: Scrapy 1.3.2 started (bot: jd_comment)
2017-03-10 12:16:53 [scrapy.utils.log] INFO: Overridden settings: {'NEWSPIDER_MODULE': 'jd_comment.spiders', 'SPIDER_MODULES': ['jd_comment.spiders'], 'ROBOTSTXT_OBEY': True, 'DOWNLOAD_DELAY': 2, 'BOT_NAME': 'jd_comment'}
2017-03-10 12:16:53 [scrapy.middleware] INFO: Enabled extensions:
['scrapy.extensions.logstats.LogStats',
 'scrapy.extensions.telnet.TelnetConsole',
 'scrapy.extensions.corestats.CoreStats',
 'scrapy.extensions.spiderstate.SpiderState']
2017-03-10 12:16:53 [scrapy.middleware] INFO: Enabled downloader middlewares:
['scrapy.downloadermiddlewares.robotstxt.RobotsTxtMiddleware',
 'scrapy.downloadermiddlewares.httpauth.HttpAuthMiddleware',
 'scrapy.downloadermiddlewares.downloadtimeout.DownloadTimeoutMiddleware',
 'scrapy.downloadermiddlewares.defaultheaders.DefaultHeadersMiddleware',
 'scrapy.downloadermiddlewares.useragent.UserAgentMiddleware',
 'scrapy.downloadermiddlewares.retry.RetryMiddleware',
 'scrapy.downloadermiddlewares.redirect.MetaRefreshMiddleware',
 'scrapy.downloadermiddlewares.httpcompression.HttpCompressionMiddleware',
 'scrapy.downloadermiddlewares.redirect.RedirectMiddleware',
 'scrapy.downloadermiddlewares.cookies.CookiesMiddleware',
 'scrapy.downloadermiddlewares.stats.DownloaderStats']
2017-03-10 12:16:53 [scrapy.middleware] INFO: Enabled spider middlewares:
['scrapy.spidermiddlewares.httperror.HttpErrorMiddleware',
 'scrapy.spidermiddlewares.offsite.OffsiteMiddleware',
 'scrapy.spidermiddlewares.referer.RefererMiddleware',
 'scrapy.spidermiddlewares.urllength.UrlLengthMiddleware',
 'scrapy.spidermiddlewares.depth.DepthMiddleware']
2017-03-10 12:16:53 [scrapy.middleware] INFO: Enabled item pipelines:
['jd_comment.pipelines.JdCommentPipeline']
2017-03-10 12:16:53 [scrapy.core.engine] INFO: Spider opened
2017-03-10 12:16:53 [scrapy.extensions.logstats] INFO: Crawled 0 pages (at 0 pages/min), scraped 0 items (at 0 items/min)
2017-03-10 12:16:53 [scrapy.extensions.telnet] DEBUG: Telnet console listening on 127.0.0.1:6023
2017-03-10 12:16:53 [scrapy.dupefilters] DEBUG: Filtered duplicate request: <GET http://club.jd.com/comment/productPageComments.action?productId=1703850&score=0&sortType=5&page=0&pageSize=10> - no more duplicates will be shown (see DUPEFILTER_DEBUG to show all duplicates)
2017-03-10 12:16:53 [scrapy.downloadermiddlewares.redirect] DEBUG: Redirecting (302) to <GET http://www.jd.com/error2.aspx> from <GET http://club.jd.com/robots.txt>
2017-03-10 12:16:56 [scrapy.downloadermiddlewares.redirect] DEBUG: Redirecting (302) to <GET https://www.jd.com/error2.aspx> from <GET http://www.jd.com/error2.aspx>
2017-03-10 12:16:59 [scrapy.core.engine] DEBUG: Crawled (200) <GET https://www.jd.com/error2.aspx> (referer: None)
2017-03-10 12:17:00 [scrapy.core.engine] DEBUG: Crawled (200) <GET http://club.jd.com/comment/productPageComments.action?productId=1703850&score=0&sortType=5&page=586&pageSize=10> (referer: None)
2017-03-10 12:17:02 [scrapy.crawler] INFO: Received SIGINT, shutting down gracefully. Send again to force 
2017-03-10 12:17:02 [scrapy.core.engine] INFO: Closing spider (shutdown)
2017-03-10 12:17:02 [scrapy.crawler] INFO: Received SIGINT twice, forcing unclean shutdown
2017-03-10 12:18:43 [scrapy.utils.log] INFO: Scrapy 1.3.2 started (bot: jd_comment)
2017-03-10 12:18:43 [scrapy.utils.log] INFO: Overridden settings: {'NEWSPIDER_MODULE': 'jd_comment.spiders', 'SPIDER_MODULES': ['jd_comment.spiders'], 'ROBOTSTXT_OBEY': True, 'DOWNLOAD_DELAY': 2, 'BOT_NAME': 'jd_comment'}
2017-03-10 12:18:43 [scrapy.middleware] INFO: Enabled extensions:
['scrapy.extensions.logstats.LogStats',
 'scrapy.extensions.telnet.TelnetConsole',
 'scrapy.extensions.corestats.CoreStats',
 'scrapy.extensions.spiderstate.SpiderState']
2017-03-10 12:18:43 [scrapy.middleware] INFO: Enabled downloader middlewares:
['scrapy.downloadermiddlewares.robotstxt.RobotsTxtMiddleware',
 'scrapy.downloadermiddlewares.httpauth.HttpAuthMiddleware',
 'scrapy.downloadermiddlewares.downloadtimeout.DownloadTimeoutMiddleware',
 'scrapy.downloadermiddlewares.defaultheaders.DefaultHeadersMiddleware',
 'scrapy.downloadermiddlewares.useragent.UserAgentMiddleware',
 'scrapy.downloadermiddlewares.retry.RetryMiddleware',
 'scrapy.downloadermiddlewares.redirect.MetaRefreshMiddleware',
 'scrapy.downloadermiddlewares.httpcompression.HttpCompressionMiddleware',
 'scrapy.downloadermiddlewares.redirect.RedirectMiddleware',
 'scrapy.downloadermiddlewares.cookies.CookiesMiddleware',
 'scrapy.downloadermiddlewares.stats.DownloaderStats']
2017-03-10 12:18:43 [scrapy.middleware] INFO: Enabled spider middlewares:
['scrapy.spidermiddlewares.httperror.HttpErrorMiddleware',
 'scrapy.spidermiddlewares.offsite.OffsiteMiddleware',
 'scrapy.spidermiddlewares.referer.RefererMiddleware',
 'scrapy.spidermiddlewares.urllength.UrlLengthMiddleware',
 'scrapy.spidermiddlewares.depth.DepthMiddleware']
2017-03-10 12:18:43 [scrapy.middleware] INFO: Enabled item pipelines:
['jd_comment.pipelines.JdCommentPipeline']
2017-03-10 12:18:43 [scrapy.core.engine] INFO: Spider opened
2017-03-10 12:18:43 [scrapy.extensions.logstats] INFO: Crawled 0 pages (at 0 pages/min), scraped 0 items (at 0 items/min)
2017-03-10 12:18:43 [scrapy.extensions.telnet] DEBUG: Telnet console listening on 127.0.0.1:6023
2017-03-10 12:18:43 [scrapy.dupefilters] DEBUG: Filtered duplicate request: <GET http://club.jd.com/comment/productPageComments.action?productId=1703850&score=0&sortType=5&page=0&pageSize=10> - no more duplicates will be shown (see DUPEFILTER_DEBUG to show all duplicates)
2017-03-10 12:18:43 [scrapy.downloadermiddlewares.redirect] DEBUG: Redirecting (302) to <GET http://www.jd.com/error2.aspx> from <GET http://club.jd.com/robots.txt>
2017-03-10 12:18:46 [scrapy.downloadermiddlewares.redirect] DEBUG: Redirecting (302) to <GET https://www.jd.com/error2.aspx> from <GET http://www.jd.com/error2.aspx>
2017-03-10 12:18:48 [scrapy.core.engine] DEBUG: Crawled (200) <GET https://www.jd.com/error2.aspx> (referer: None)
2017-03-10 12:18:50 [scrapy.core.engine] DEBUG: Crawled (200) <GET http://club.jd.com/comment/productPageComments.action?productId=1703850&score=0&sortType=5&page=603&pageSize=10> (referer: None)
2017-03-10 12:18:52 [scrapy.crawler] INFO: Received SIGINT, shutting down gracefully. Send again to force 
2017-03-10 12:18:52 [scrapy.core.engine] INFO: Closing spider (shutdown)
2017-03-10 12:18:52 [scrapy.crawler] INFO: Received SIGINT twice, forcing unclean shutdown
2017-03-10 12:20:33 [scrapy.utils.log] INFO: Scrapy 1.3.2 started (bot: jd_comment)
2017-03-10 12:20:33 [scrapy.utils.log] INFO: Overridden settings: {'NEWSPIDER_MODULE': 'jd_comment.spiders', 'SPIDER_MODULES': ['jd_comment.spiders'], 'ROBOTSTXT_OBEY': True, 'DOWNLOAD_DELAY': 2, 'BOT_NAME': 'jd_comment'}
2017-03-10 12:20:33 [scrapy.middleware] INFO: Enabled extensions:
['scrapy.extensions.logstats.LogStats',
 'scrapy.extensions.telnet.TelnetConsole',
 'scrapy.extensions.corestats.CoreStats',
 'scrapy.extensions.spiderstate.SpiderState']
2017-03-10 12:20:33 [scrapy.middleware] INFO: Enabled downloader middlewares:
['scrapy.downloadermiddlewares.robotstxt.RobotsTxtMiddleware',
 'scrapy.downloadermiddlewares.httpauth.HttpAuthMiddleware',
 'scrapy.downloadermiddlewares.downloadtimeout.DownloadTimeoutMiddleware',
 'scrapy.downloadermiddlewares.defaultheaders.DefaultHeadersMiddleware',
 'scrapy.downloadermiddlewares.useragent.UserAgentMiddleware',
 'scrapy.downloadermiddlewares.retry.RetryMiddleware',
 'scrapy.downloadermiddlewares.redirect.MetaRefreshMiddleware',
 'scrapy.downloadermiddlewares.httpcompression.HttpCompressionMiddleware',
 'scrapy.downloadermiddlewares.redirect.RedirectMiddleware',
 'scrapy.downloadermiddlewares.cookies.CookiesMiddleware',
 'scrapy.downloadermiddlewares.stats.DownloaderStats']
2017-03-10 12:20:33 [scrapy.middleware] INFO: Enabled spider middlewares:
['scrapy.spidermiddlewares.httperror.HttpErrorMiddleware',
 'scrapy.spidermiddlewares.offsite.OffsiteMiddleware',
 'scrapy.spidermiddlewares.referer.RefererMiddleware',
 'scrapy.spidermiddlewares.urllength.UrlLengthMiddleware',
 'scrapy.spidermiddlewares.depth.DepthMiddleware']
2017-03-10 12:20:33 [scrapy.middleware] INFO: Enabled item pipelines:
['jd_comment.pipelines.JdCommentPipeline']
2017-03-10 12:20:33 [scrapy.core.engine] INFO: Spider opened
2017-03-10 12:20:33 [scrapy.extensions.logstats] INFO: Crawled 0 pages (at 0 pages/min), scraped 0 items (at 0 items/min)
2017-03-10 12:20:33 [scrapy.extensions.telnet] DEBUG: Telnet console listening on 127.0.0.1:6023
2017-03-10 12:20:33 [scrapy.dupefilters] DEBUG: Filtered duplicate request: <GET http://club.jd.com/comment/productPageComments.action?productId=1703850&score=0&sortType=5&page=0&pageSize=10> - no more duplicates will be shown (see DUPEFILTER_DEBUG to show all duplicates)
2017-03-10 12:20:33 [scrapy.downloadermiddlewares.redirect] DEBUG: Redirecting (302) to <GET http://www.jd.com/error2.aspx> from <GET http://club.jd.com/robots.txt>
2017-03-10 12:20:35 [scrapy.downloadermiddlewares.redirect] DEBUG: Redirecting (302) to <GET https://www.jd.com/error2.aspx> from <GET http://www.jd.com/error2.aspx>
2017-03-10 12:20:37 [scrapy.core.engine] DEBUG: Crawled (200) <GET https://www.jd.com/error2.aspx> (referer: None)
2017-03-10 12:20:40 [scrapy.core.engine] DEBUG: Crawled (200) <GET http://club.jd.com/comment/productPageComments.action?productId=1703850&score=0&sortType=5&page=620&pageSize=10> (referer: None)
2017-03-10 12:20:42 [scrapy.crawler] INFO: Received SIGINT, shutting down gracefully. Send again to force 
2017-03-10 12:20:42 [scrapy.core.engine] INFO: Closing spider (shutdown)
2017-03-10 12:20:42 [scrapy.crawler] INFO: Received SIGINT twice, forcing unclean shutdown
2017-03-10 12:22:23 [scrapy.utils.log] INFO: Scrapy 1.3.2 started (bot: jd_comment)
2017-03-10 12:22:23 [scrapy.utils.log] INFO: Overridden settings: {'NEWSPIDER_MODULE': 'jd_comment.spiders', 'SPIDER_MODULES': ['jd_comment.spiders'], 'ROBOTSTXT_OBEY': True, 'DOWNLOAD_DELAY': 2, 'BOT_NAME': 'jd_comment'}
2017-03-10 12:22:23 [scrapy.middleware] INFO: Enabled extensions:
['scrapy.extensions.logstats.LogStats',
 'scrapy.extensions.telnet.TelnetConsole',
 'scrapy.extensions.corestats.CoreStats',
 'scrapy.extensions.spiderstate.SpiderState']
2017-03-10 12:22:23 [scrapy.middleware] INFO: Enabled downloader middlewares:
['scrapy.downloadermiddlewares.robotstxt.RobotsTxtMiddleware',
 'scrapy.downloadermiddlewares.httpauth.HttpAuthMiddleware',
 'scrapy.downloadermiddlewares.downloadtimeout.DownloadTimeoutMiddleware',
 'scrapy.downloadermiddlewares.defaultheaders.DefaultHeadersMiddleware',
 'scrapy.downloadermiddlewares.useragent.UserAgentMiddleware',
 'scrapy.downloadermiddlewares.retry.RetryMiddleware',
 'scrapy.downloadermiddlewares.redirect.MetaRefreshMiddleware',
 'scrapy.downloadermiddlewares.httpcompression.HttpCompressionMiddleware',
 'scrapy.downloadermiddlewares.redirect.RedirectMiddleware',
 'scrapy.downloadermiddlewares.cookies.CookiesMiddleware',
 'scrapy.downloadermiddlewares.stats.DownloaderStats']
2017-03-10 12:22:23 [scrapy.middleware] INFO: Enabled spider middlewares:
['scrapy.spidermiddlewares.httperror.HttpErrorMiddleware',
 'scrapy.spidermiddlewares.offsite.OffsiteMiddleware',
 'scrapy.spidermiddlewares.referer.RefererMiddleware',
 'scrapy.spidermiddlewares.urllength.UrlLengthMiddleware',
 'scrapy.spidermiddlewares.depth.DepthMiddleware']
2017-03-10 12:22:23 [scrapy.middleware] INFO: Enabled item pipelines:
['jd_comment.pipelines.JdCommentPipeline']
2017-03-10 12:22:23 [scrapy.core.engine] INFO: Spider opened
2017-03-10 12:22:23 [scrapy.extensions.logstats] INFO: Crawled 0 pages (at 0 pages/min), scraped 0 items (at 0 items/min)
2017-03-10 12:22:23 [scrapy.extensions.telnet] DEBUG: Telnet console listening on 127.0.0.1:6023
2017-03-10 12:22:23 [scrapy.dupefilters] DEBUG: Filtered duplicate request: <GET http://club.jd.com/comment/productPageComments.action?productId=1703850&score=0&sortType=5&page=0&pageSize=10> - no more duplicates will be shown (see DUPEFILTER_DEBUG to show all duplicates)
2017-03-10 12:22:23 [scrapy.downloadermiddlewares.redirect] DEBUG: Redirecting (302) to <GET http://www.jd.com/error2.aspx> from <GET http://club.jd.com/robots.txt>
2017-03-10 12:22:26 [scrapy.downloadermiddlewares.redirect] DEBUG: Redirecting (302) to <GET https://www.jd.com/error2.aspx> from <GET http://www.jd.com/error2.aspx>
2017-03-10 12:22:28 [scrapy.core.engine] DEBUG: Crawled (200) <GET https://www.jd.com/error2.aspx> (referer: None)
2017-03-10 12:22:31 [scrapy.core.engine] DEBUG: Crawled (200) <GET http://club.jd.com/comment/productPageComments.action?productId=1703850&score=0&sortType=5&page=637&pageSize=10> (referer: None)
2017-03-10 12:22:32 [scrapy.crawler] INFO: Received SIGINT, shutting down gracefully. Send again to force 
2017-03-10 12:22:32 [scrapy.core.engine] INFO: Closing spider (shutdown)
2017-03-10 12:22:32 [scrapy.crawler] INFO: Received SIGINT twice, forcing unclean shutdown
2017-03-10 12:24:13 [scrapy.utils.log] INFO: Scrapy 1.3.2 started (bot: jd_comment)
2017-03-10 12:24:13 [scrapy.utils.log] INFO: Overridden settings: {'NEWSPIDER_MODULE': 'jd_comment.spiders', 'SPIDER_MODULES': ['jd_comment.spiders'], 'ROBOTSTXT_OBEY': True, 'DOWNLOAD_DELAY': 2, 'BOT_NAME': 'jd_comment'}
2017-03-10 12:24:13 [scrapy.middleware] INFO: Enabled extensions:
['scrapy.extensions.logstats.LogStats',
 'scrapy.extensions.telnet.TelnetConsole',
 'scrapy.extensions.corestats.CoreStats',
 'scrapy.extensions.spiderstate.SpiderState']
2017-03-10 12:24:13 [scrapy.middleware] INFO: Enabled downloader middlewares:
['scrapy.downloadermiddlewares.robotstxt.RobotsTxtMiddleware',
 'scrapy.downloadermiddlewares.httpauth.HttpAuthMiddleware',
 'scrapy.downloadermiddlewares.downloadtimeout.DownloadTimeoutMiddleware',
 'scrapy.downloadermiddlewares.defaultheaders.DefaultHeadersMiddleware',
 'scrapy.downloadermiddlewares.useragent.UserAgentMiddleware',
 'scrapy.downloadermiddlewares.retry.RetryMiddleware',
 'scrapy.downloadermiddlewares.redirect.MetaRefreshMiddleware',
 'scrapy.downloadermiddlewares.httpcompression.HttpCompressionMiddleware',
 'scrapy.downloadermiddlewares.redirect.RedirectMiddleware',
 'scrapy.downloadermiddlewares.cookies.CookiesMiddleware',
 'scrapy.downloadermiddlewares.stats.DownloaderStats']
2017-03-10 12:24:14 [scrapy.middleware] INFO: Enabled spider middlewares:
['scrapy.spidermiddlewares.httperror.HttpErrorMiddleware',
 'scrapy.spidermiddlewares.offsite.OffsiteMiddleware',
 'scrapy.spidermiddlewares.referer.RefererMiddleware',
 'scrapy.spidermiddlewares.urllength.UrlLengthMiddleware',
 'scrapy.spidermiddlewares.depth.DepthMiddleware']
2017-03-10 12:24:14 [scrapy.middleware] INFO: Enabled item pipelines:
['jd_comment.pipelines.JdCommentPipeline']
2017-03-10 12:24:14 [scrapy.core.engine] INFO: Spider opened
2017-03-10 12:24:14 [scrapy.extensions.logstats] INFO: Crawled 0 pages (at 0 pages/min), scraped 0 items (at 0 items/min)
2017-03-10 12:24:14 [scrapy.extensions.telnet] DEBUG: Telnet console listening on 127.0.0.1:6023
2017-03-10 12:24:14 [scrapy.dupefilters] DEBUG: Filtered duplicate request: <GET http://club.jd.com/comment/productPageComments.action?productId=1703850&score=0&sortType=5&page=0&pageSize=10> - no more duplicates will be shown (see DUPEFILTER_DEBUG to show all duplicates)
2017-03-10 12:24:14 [scrapy.downloadermiddlewares.redirect] DEBUG: Redirecting (302) to <GET http://www.jd.com/error2.aspx> from <GET http://club.jd.com/robots.txt>
2017-03-10 12:24:17 [scrapy.downloadermiddlewares.redirect] DEBUG: Redirecting (302) to <GET https://www.jd.com/error2.aspx> from <GET http://www.jd.com/error2.aspx>
2017-03-10 12:24:18 [scrapy.core.engine] DEBUG: Crawled (200) <GET https://www.jd.com/error2.aspx> (referer: None)
2017-03-10 12:24:20 [scrapy.core.engine] DEBUG: Crawled (200) <GET http://club.jd.com/comment/productPageComments.action?productId=1703850&score=0&sortType=5&page=654&pageSize=10> (referer: None)
2017-03-10 12:24:22 [scrapy.crawler] INFO: Received SIGINT, shutting down gracefully. Send again to force 
2017-03-10 12:24:22 [scrapy.core.engine] INFO: Closing spider (shutdown)
2017-03-10 12:24:22 [scrapy.crawler] INFO: Received SIGINT twice, forcing unclean shutdown
2017-03-10 12:26:03 [scrapy.utils.log] INFO: Scrapy 1.3.2 started (bot: jd_comment)
2017-03-10 12:26:03 [scrapy.utils.log] INFO: Overridden settings: {'NEWSPIDER_MODULE': 'jd_comment.spiders', 'SPIDER_MODULES': ['jd_comment.spiders'], 'ROBOTSTXT_OBEY': True, 'DOWNLOAD_DELAY': 2, 'BOT_NAME': 'jd_comment'}
2017-03-10 12:26:03 [scrapy.middleware] INFO: Enabled extensions:
['scrapy.extensions.logstats.LogStats',
 'scrapy.extensions.telnet.TelnetConsole',
 'scrapy.extensions.corestats.CoreStats',
 'scrapy.extensions.spiderstate.SpiderState']
2017-03-10 12:26:03 [scrapy.middleware] INFO: Enabled downloader middlewares:
['scrapy.downloadermiddlewares.robotstxt.RobotsTxtMiddleware',
 'scrapy.downloadermiddlewares.httpauth.HttpAuthMiddleware',
 'scrapy.downloadermiddlewares.downloadtimeout.DownloadTimeoutMiddleware',
 'scrapy.downloadermiddlewares.defaultheaders.DefaultHeadersMiddleware',
 'scrapy.downloadermiddlewares.useragent.UserAgentMiddleware',
 'scrapy.downloadermiddlewares.retry.RetryMiddleware',
 'scrapy.downloadermiddlewares.redirect.MetaRefreshMiddleware',
 'scrapy.downloadermiddlewares.httpcompression.HttpCompressionMiddleware',
 'scrapy.downloadermiddlewares.redirect.RedirectMiddleware',
 'scrapy.downloadermiddlewares.cookies.CookiesMiddleware',
 'scrapy.downloadermiddlewares.stats.DownloaderStats']
2017-03-10 12:26:03 [scrapy.middleware] INFO: Enabled spider middlewares:
['scrapy.spidermiddlewares.httperror.HttpErrorMiddleware',
 'scrapy.spidermiddlewares.offsite.OffsiteMiddleware',
 'scrapy.spidermiddlewares.referer.RefererMiddleware',
 'scrapy.spidermiddlewares.urllength.UrlLengthMiddleware',
 'scrapy.spidermiddlewares.depth.DepthMiddleware']
2017-03-10 12:26:03 [scrapy.middleware] INFO: Enabled item pipelines:
['jd_comment.pipelines.JdCommentPipeline']
2017-03-10 12:26:03 [scrapy.core.engine] INFO: Spider opened
2017-03-10 12:26:03 [scrapy.extensions.logstats] INFO: Crawled 0 pages (at 0 pages/min), scraped 0 items (at 0 items/min)
2017-03-10 12:26:03 [scrapy.extensions.telnet] DEBUG: Telnet console listening on 127.0.0.1:6023
2017-03-10 12:26:03 [scrapy.dupefilters] DEBUG: Filtered duplicate request: <GET http://club.jd.com/comment/productPageComments.action?productId=1703850&score=0&sortType=5&page=0&pageSize=10> - no more duplicates will be shown (see DUPEFILTER_DEBUG to show all duplicates)
2017-03-10 12:26:03 [scrapy.downloadermiddlewares.redirect] DEBUG: Redirecting (302) to <GET http://www.jd.com/error2.aspx> from <GET http://club.jd.com/robots.txt>
2017-03-10 12:26:06 [scrapy.downloadermiddlewares.redirect] DEBUG: Redirecting (302) to <GET https://www.jd.com/error2.aspx> from <GET http://www.jd.com/error2.aspx>
2017-03-10 12:26:08 [scrapy.core.engine] DEBUG: Crawled (200) <GET https://www.jd.com/error2.aspx> (referer: None)
2017-03-10 12:26:10 [scrapy.core.engine] DEBUG: Crawled (200) <GET http://club.jd.com/comment/productPageComments.action?productId=1703850&score=0&sortType=5&page=671&pageSize=10> (referer: None)
2017-03-10 12:26:12 [scrapy.crawler] INFO: Received SIGINT, shutting down gracefully. Send again to force 
2017-03-10 12:26:12 [scrapy.core.engine] INFO: Closing spider (shutdown)
2017-03-10 12:26:12 [scrapy.crawler] INFO: Received SIGINT twice, forcing unclean shutdown
2017-03-10 12:27:53 [scrapy.utils.log] INFO: Scrapy 1.3.2 started (bot: jd_comment)
2017-03-10 12:27:53 [scrapy.utils.log] INFO: Overridden settings: {'NEWSPIDER_MODULE': 'jd_comment.spiders', 'SPIDER_MODULES': ['jd_comment.spiders'], 'ROBOTSTXT_OBEY': True, 'DOWNLOAD_DELAY': 2, 'BOT_NAME': 'jd_comment'}
2017-03-10 12:27:53 [scrapy.middleware] INFO: Enabled extensions:
['scrapy.extensions.logstats.LogStats',
 'scrapy.extensions.telnet.TelnetConsole',
 'scrapy.extensions.corestats.CoreStats',
 'scrapy.extensions.spiderstate.SpiderState']
2017-03-10 12:27:53 [scrapy.middleware] INFO: Enabled downloader middlewares:
['scrapy.downloadermiddlewares.robotstxt.RobotsTxtMiddleware',
 'scrapy.downloadermiddlewares.httpauth.HttpAuthMiddleware',
 'scrapy.downloadermiddlewares.downloadtimeout.DownloadTimeoutMiddleware',
 'scrapy.downloadermiddlewares.defaultheaders.DefaultHeadersMiddleware',
 'scrapy.downloadermiddlewares.useragent.UserAgentMiddleware',
 'scrapy.downloadermiddlewares.retry.RetryMiddleware',
 'scrapy.downloadermiddlewares.redirect.MetaRefreshMiddleware',
 'scrapy.downloadermiddlewares.httpcompression.HttpCompressionMiddleware',
 'scrapy.downloadermiddlewares.redirect.RedirectMiddleware',
 'scrapy.downloadermiddlewares.cookies.CookiesMiddleware',
 'scrapy.downloadermiddlewares.stats.DownloaderStats']
2017-03-10 12:27:53 [scrapy.middleware] INFO: Enabled spider middlewares:
['scrapy.spidermiddlewares.httperror.HttpErrorMiddleware',
 'scrapy.spidermiddlewares.offsite.OffsiteMiddleware',
 'scrapy.spidermiddlewares.referer.RefererMiddleware',
 'scrapy.spidermiddlewares.urllength.UrlLengthMiddleware',
 'scrapy.spidermiddlewares.depth.DepthMiddleware']
2017-03-10 12:27:53 [scrapy.middleware] INFO: Enabled item pipelines:
['jd_comment.pipelines.JdCommentPipeline']
2017-03-10 12:27:53 [scrapy.core.engine] INFO: Spider opened
2017-03-10 12:27:53 [scrapy.extensions.logstats] INFO: Crawled 0 pages (at 0 pages/min), scraped 0 items (at 0 items/min)
2017-03-10 12:27:53 [scrapy.extensions.telnet] DEBUG: Telnet console listening on 127.0.0.1:6023
2017-03-10 12:27:53 [scrapy.dupefilters] DEBUG: Filtered duplicate request: <GET http://club.jd.com/comment/productPageComments.action?productId=1703850&score=0&sortType=5&page=0&pageSize=10> - no more duplicates will be shown (see DUPEFILTER_DEBUG to show all duplicates)
2017-03-10 12:27:53 [scrapy.downloadermiddlewares.redirect] DEBUG: Redirecting (302) to <GET http://www.jd.com/error2.aspx> from <GET http://club.jd.com/robots.txt>
2017-03-10 12:27:55 [scrapy.downloadermiddlewares.redirect] DEBUG: Redirecting (302) to <GET https://www.jd.com/error2.aspx> from <GET http://www.jd.com/error2.aspx>
2017-03-10 12:27:58 [scrapy.core.engine] DEBUG: Crawled (200) <GET https://www.jd.com/error2.aspx> (referer: None)
2017-03-10 12:28:00 [scrapy.core.engine] DEBUG: Crawled (200) <GET http://club.jd.com/comment/productPageComments.action?productId=1703850&score=0&sortType=5&page=688&pageSize=10> (referer: None)
2017-03-10 12:28:02 [scrapy.crawler] INFO: Received SIGINT, shutting down gracefully. Send again to force 
2017-03-10 12:28:02 [scrapy.core.engine] INFO: Closing spider (shutdown)
2017-03-10 12:28:02 [scrapy.crawler] INFO: Received SIGINT twice, forcing unclean shutdown
2017-03-10 12:29:43 [scrapy.utils.log] INFO: Scrapy 1.3.2 started (bot: jd_comment)
2017-03-10 12:29:43 [scrapy.utils.log] INFO: Overridden settings: {'NEWSPIDER_MODULE': 'jd_comment.spiders', 'SPIDER_MODULES': ['jd_comment.spiders'], 'ROBOTSTXT_OBEY': True, 'DOWNLOAD_DELAY': 2, 'BOT_NAME': 'jd_comment'}
2017-03-10 12:29:43 [scrapy.middleware] INFO: Enabled extensions:
['scrapy.extensions.logstats.LogStats',
 'scrapy.extensions.telnet.TelnetConsole',
 'scrapy.extensions.corestats.CoreStats',
 'scrapy.extensions.spiderstate.SpiderState']
2017-03-10 12:29:43 [scrapy.middleware] INFO: Enabled downloader middlewares:
['scrapy.downloadermiddlewares.robotstxt.RobotsTxtMiddleware',
 'scrapy.downloadermiddlewares.httpauth.HttpAuthMiddleware',
 'scrapy.downloadermiddlewares.downloadtimeout.DownloadTimeoutMiddleware',
 'scrapy.downloadermiddlewares.defaultheaders.DefaultHeadersMiddleware',
 'scrapy.downloadermiddlewares.useragent.UserAgentMiddleware',
 'scrapy.downloadermiddlewares.retry.RetryMiddleware',
 'scrapy.downloadermiddlewares.redirect.MetaRefreshMiddleware',
 'scrapy.downloadermiddlewares.httpcompression.HttpCompressionMiddleware',
 'scrapy.downloadermiddlewares.redirect.RedirectMiddleware',
 'scrapy.downloadermiddlewares.cookies.CookiesMiddleware',
 'scrapy.downloadermiddlewares.stats.DownloaderStats']
2017-03-10 12:29:43 [scrapy.middleware] INFO: Enabled spider middlewares:
['scrapy.spidermiddlewares.httperror.HttpErrorMiddleware',
 'scrapy.spidermiddlewares.offsite.OffsiteMiddleware',
 'scrapy.spidermiddlewares.referer.RefererMiddleware',
 'scrapy.spidermiddlewares.urllength.UrlLengthMiddleware',
 'scrapy.spidermiddlewares.depth.DepthMiddleware']
2017-03-10 12:29:43 [scrapy.middleware] INFO: Enabled item pipelines:
['jd_comment.pipelines.JdCommentPipeline']
2017-03-10 12:29:43 [scrapy.core.engine] INFO: Spider opened
2017-03-10 12:29:43 [scrapy.extensions.logstats] INFO: Crawled 0 pages (at 0 pages/min), scraped 0 items (at 0 items/min)
2017-03-10 12:29:43 [scrapy.extensions.telnet] DEBUG: Telnet console listening on 127.0.0.1:6023
2017-03-10 12:29:43 [scrapy.dupefilters] DEBUG: Filtered duplicate request: <GET http://club.jd.com/comment/productPageComments.action?productId=1703850&score=0&sortType=5&page=0&pageSize=10> - no more duplicates will be shown (see DUPEFILTER_DEBUG to show all duplicates)
2017-03-10 12:29:43 [scrapy.downloadermiddlewares.redirect] DEBUG: Redirecting (302) to <GET http://www.jd.com/error2.aspx> from <GET http://club.jd.com/robots.txt>
2017-03-10 12:29:46 [scrapy.downloadermiddlewares.redirect] DEBUG: Redirecting (302) to <GET https://www.jd.com/error2.aspx> from <GET http://www.jd.com/error2.aspx>
2017-03-10 12:29:49 [scrapy.core.engine] DEBUG: Crawled (200) <GET https://www.jd.com/error2.aspx> (referer: None)
2017-03-10 12:29:51 [scrapy.core.engine] DEBUG: Crawled (200) <GET http://club.jd.com/comment/productPageComments.action?productId=1703850&score=0&sortType=5&page=705&pageSize=10> (referer: None)
2017-03-10 12:29:52 [scrapy.crawler] INFO: Received SIGINT, shutting down gracefully. Send again to force 
2017-03-10 12:29:52 [scrapy.core.engine] INFO: Closing spider (shutdown)
2017-03-10 12:29:52 [scrapy.crawler] INFO: Received SIGINT twice, forcing unclean shutdown
2017-03-10 12:31:33 [scrapy.utils.log] INFO: Scrapy 1.3.2 started (bot: jd_comment)
2017-03-10 12:31:33 [scrapy.utils.log] INFO: Overridden settings: {'NEWSPIDER_MODULE': 'jd_comment.spiders', 'SPIDER_MODULES': ['jd_comment.spiders'], 'ROBOTSTXT_OBEY': True, 'DOWNLOAD_DELAY': 2, 'BOT_NAME': 'jd_comment'}
2017-03-10 12:31:33 [scrapy.middleware] INFO: Enabled extensions:
['scrapy.extensions.logstats.LogStats',
 'scrapy.extensions.telnet.TelnetConsole',
 'scrapy.extensions.corestats.CoreStats',
 'scrapy.extensions.spiderstate.SpiderState']
2017-03-10 12:31:33 [scrapy.middleware] INFO: Enabled downloader middlewares:
['scrapy.downloadermiddlewares.robotstxt.RobotsTxtMiddleware',
 'scrapy.downloadermiddlewares.httpauth.HttpAuthMiddleware',
 'scrapy.downloadermiddlewares.downloadtimeout.DownloadTimeoutMiddleware',
 'scrapy.downloadermiddlewares.defaultheaders.DefaultHeadersMiddleware',
 'scrapy.downloadermiddlewares.useragent.UserAgentMiddleware',
 'scrapy.downloadermiddlewares.retry.RetryMiddleware',
 'scrapy.downloadermiddlewares.redirect.MetaRefreshMiddleware',
 'scrapy.downloadermiddlewares.httpcompression.HttpCompressionMiddleware',
 'scrapy.downloadermiddlewares.redirect.RedirectMiddleware',
 'scrapy.downloadermiddlewares.cookies.CookiesMiddleware',
 'scrapy.downloadermiddlewares.stats.DownloaderStats']
2017-03-10 12:31:33 [scrapy.middleware] INFO: Enabled spider middlewares:
['scrapy.spidermiddlewares.httperror.HttpErrorMiddleware',
 'scrapy.spidermiddlewares.offsite.OffsiteMiddleware',
 'scrapy.spidermiddlewares.referer.RefererMiddleware',
 'scrapy.spidermiddlewares.urllength.UrlLengthMiddleware',
 'scrapy.spidermiddlewares.depth.DepthMiddleware']
2017-03-10 12:31:33 [scrapy.middleware] INFO: Enabled item pipelines:
['jd_comment.pipelines.JdCommentPipeline']
2017-03-10 12:31:33 [scrapy.core.engine] INFO: Spider opened
2017-03-10 12:31:33 [scrapy.extensions.logstats] INFO: Crawled 0 pages (at 0 pages/min), scraped 0 items (at 0 items/min)
2017-03-10 12:31:33 [scrapy.extensions.telnet] DEBUG: Telnet console listening on 127.0.0.1:6023
2017-03-10 12:31:33 [scrapy.dupefilters] DEBUG: Filtered duplicate request: <GET http://club.jd.com/comment/productPageComments.action?productId=1703850&score=0&sortType=5&page=0&pageSize=10> - no more duplicates will be shown (see DUPEFILTER_DEBUG to show all duplicates)
2017-03-10 12:31:33 [scrapy.downloadermiddlewares.redirect] DEBUG: Redirecting (302) to <GET http://www.jd.com/error2.aspx> from <GET http://club.jd.com/robots.txt>
2017-03-10 12:31:36 [scrapy.downloadermiddlewares.redirect] DEBUG: Redirecting (302) to <GET https://www.jd.com/error2.aspx> from <GET http://www.jd.com/error2.aspx>
2017-03-10 12:31:38 [scrapy.core.engine] DEBUG: Crawled (200) <GET https://www.jd.com/error2.aspx> (referer: None)
2017-03-10 12:31:40 [scrapy.core.engine] DEBUG: Crawled (200) <GET http://club.jd.com/comment/productPageComments.action?productId=1703850&score=0&sortType=5&page=722&pageSize=10> (referer: None)
2017-03-10 12:31:42 [scrapy.crawler] INFO: Received SIGINT, shutting down gracefully. Send again to force 
2017-03-10 12:31:42 [scrapy.core.engine] INFO: Closing spider (shutdown)
2017-03-10 12:31:42 [scrapy.crawler] INFO: Received SIGINT twice, forcing unclean shutdown
2017-03-10 12:33:23 [scrapy.utils.log] INFO: Scrapy 1.3.2 started (bot: jd_comment)
2017-03-10 12:33:23 [scrapy.utils.log] INFO: Overridden settings: {'NEWSPIDER_MODULE': 'jd_comment.spiders', 'SPIDER_MODULES': ['jd_comment.spiders'], 'ROBOTSTXT_OBEY': True, 'DOWNLOAD_DELAY': 2, 'BOT_NAME': 'jd_comment'}
2017-03-10 12:33:24 [scrapy.middleware] INFO: Enabled extensions:
['scrapy.extensions.logstats.LogStats',
 'scrapy.extensions.telnet.TelnetConsole',
 'scrapy.extensions.corestats.CoreStats',
 'scrapy.extensions.spiderstate.SpiderState']
2017-03-10 12:33:24 [scrapy.middleware] INFO: Enabled downloader middlewares:
['scrapy.downloadermiddlewares.robotstxt.RobotsTxtMiddleware',
 'scrapy.downloadermiddlewares.httpauth.HttpAuthMiddleware',
 'scrapy.downloadermiddlewares.downloadtimeout.DownloadTimeoutMiddleware',
 'scrapy.downloadermiddlewares.defaultheaders.DefaultHeadersMiddleware',
 'scrapy.downloadermiddlewares.useragent.UserAgentMiddleware',
 'scrapy.downloadermiddlewares.retry.RetryMiddleware',
 'scrapy.downloadermiddlewares.redirect.MetaRefreshMiddleware',
 'scrapy.downloadermiddlewares.httpcompression.HttpCompressionMiddleware',
 'scrapy.downloadermiddlewares.redirect.RedirectMiddleware',
 'scrapy.downloadermiddlewares.cookies.CookiesMiddleware',
 'scrapy.downloadermiddlewares.stats.DownloaderStats']
2017-03-10 12:33:24 [scrapy.middleware] INFO: Enabled spider middlewares:
['scrapy.spidermiddlewares.httperror.HttpErrorMiddleware',
 'scrapy.spidermiddlewares.offsite.OffsiteMiddleware',
 'scrapy.spidermiddlewares.referer.RefererMiddleware',
 'scrapy.spidermiddlewares.urllength.UrlLengthMiddleware',
 'scrapy.spidermiddlewares.depth.DepthMiddleware']
2017-03-10 12:33:24 [scrapy.middleware] INFO: Enabled item pipelines:
['jd_comment.pipelines.JdCommentPipeline']
2017-03-10 12:33:24 [scrapy.core.engine] INFO: Spider opened
2017-03-10 12:33:24 [scrapy.extensions.logstats] INFO: Crawled 0 pages (at 0 pages/min), scraped 0 items (at 0 items/min)
2017-03-10 12:33:24 [scrapy.extensions.telnet] DEBUG: Telnet console listening on 127.0.0.1:6023
2017-03-10 12:33:24 [scrapy.dupefilters] DEBUG: Filtered duplicate request: <GET http://club.jd.com/comment/productPageComments.action?productId=1703850&score=0&sortType=5&page=0&pageSize=10> - no more duplicates will be shown (see DUPEFILTER_DEBUG to show all duplicates)
2017-03-10 12:33:24 [scrapy.downloadermiddlewares.redirect] DEBUG: Redirecting (302) to <GET http://www.jd.com/error2.aspx> from <GET http://club.jd.com/robots.txt>
2017-03-10 12:33:27 [scrapy.downloadermiddlewares.redirect] DEBUG: Redirecting (302) to <GET https://www.jd.com/error2.aspx> from <GET http://www.jd.com/error2.aspx>
2017-03-10 12:33:30 [scrapy.core.engine] DEBUG: Crawled (200) <GET https://www.jd.com/error2.aspx> (referer: None)
2017-03-10 12:33:32 [scrapy.core.engine] DEBUG: Crawled (200) <GET http://club.jd.com/comment/productPageComments.action?productId=1703850&score=0&sortType=5&page=739&pageSize=10> (referer: None)
2017-03-10 12:33:32 [scrapy.crawler] INFO: Received SIGINT, shutting down gracefully. Send again to force 
2017-03-10 12:33:32 [scrapy.core.engine] INFO: Closing spider (shutdown)
2017-03-10 12:33:32 [scrapy.crawler] INFO: Received SIGINT twice, forcing unclean shutdown
2017-03-10 12:35:14 [scrapy.utils.log] INFO: Scrapy 1.3.2 started (bot: jd_comment)
2017-03-10 12:35:14 [scrapy.utils.log] INFO: Overridden settings: {'NEWSPIDER_MODULE': 'jd_comment.spiders', 'SPIDER_MODULES': ['jd_comment.spiders'], 'ROBOTSTXT_OBEY': True, 'DOWNLOAD_DELAY': 2, 'BOT_NAME': 'jd_comment'}
2017-03-10 12:35:14 [scrapy.middleware] INFO: Enabled extensions:
['scrapy.extensions.logstats.LogStats',
 'scrapy.extensions.telnet.TelnetConsole',
 'scrapy.extensions.corestats.CoreStats',
 'scrapy.extensions.spiderstate.SpiderState']
2017-03-10 12:35:14 [scrapy.middleware] INFO: Enabled downloader middlewares:
['scrapy.downloadermiddlewares.robotstxt.RobotsTxtMiddleware',
 'scrapy.downloadermiddlewares.httpauth.HttpAuthMiddleware',
 'scrapy.downloadermiddlewares.downloadtimeout.DownloadTimeoutMiddleware',
 'scrapy.downloadermiddlewares.defaultheaders.DefaultHeadersMiddleware',
 'scrapy.downloadermiddlewares.useragent.UserAgentMiddleware',
 'scrapy.downloadermiddlewares.retry.RetryMiddleware',
 'scrapy.downloadermiddlewares.redirect.MetaRefreshMiddleware',
 'scrapy.downloadermiddlewares.httpcompression.HttpCompressionMiddleware',
 'scrapy.downloadermiddlewares.redirect.RedirectMiddleware',
 'scrapy.downloadermiddlewares.cookies.CookiesMiddleware',
 'scrapy.downloadermiddlewares.stats.DownloaderStats']
2017-03-10 12:35:14 [scrapy.middleware] INFO: Enabled spider middlewares:
['scrapy.spidermiddlewares.httperror.HttpErrorMiddleware',
 'scrapy.spidermiddlewares.offsite.OffsiteMiddleware',
 'scrapy.spidermiddlewares.referer.RefererMiddleware',
 'scrapy.spidermiddlewares.urllength.UrlLengthMiddleware',
 'scrapy.spidermiddlewares.depth.DepthMiddleware']
2017-03-10 12:35:14 [scrapy.middleware] INFO: Enabled item pipelines:
['jd_comment.pipelines.JdCommentPipeline']
2017-03-10 12:35:14 [scrapy.core.engine] INFO: Spider opened
2017-03-10 12:35:14 [scrapy.extensions.logstats] INFO: Crawled 0 pages (at 0 pages/min), scraped 0 items (at 0 items/min)
2017-03-10 12:35:14 [scrapy.extensions.telnet] DEBUG: Telnet console listening on 127.0.0.1:6023
2017-03-10 12:35:14 [scrapy.dupefilters] DEBUG: Filtered duplicate request: <GET http://club.jd.com/comment/productPageComments.action?productId=1703850&score=0&sortType=5&page=0&pageSize=10> - no more duplicates will be shown (see DUPEFILTER_DEBUG to show all duplicates)
2017-03-10 12:35:14 [scrapy.downloadermiddlewares.redirect] DEBUG: Redirecting (302) to <GET http://www.jd.com/error2.aspx> from <GET http://club.jd.com/robots.txt>
2017-03-10 12:35:17 [scrapy.downloadermiddlewares.redirect] DEBUG: Redirecting (302) to <GET https://www.jd.com/error2.aspx> from <GET http://www.jd.com/error2.aspx>
2017-03-10 12:35:19 [scrapy.core.engine] DEBUG: Crawled (200) <GET https://www.jd.com/error2.aspx> (referer: None)
2017-03-10 12:35:22 [scrapy.core.engine] DEBUG: Crawled (200) <GET http://club.jd.com/comment/productPageComments.action?productId=1703850&score=0&sortType=5&page=756&pageSize=10> (referer: None)
2017-03-10 12:35:22 [scrapy.crawler] INFO: Received SIGINT, shutting down gracefully. Send again to force 
2017-03-10 12:35:22 [scrapy.core.engine] INFO: Closing spider (shutdown)
2017-03-10 12:35:22 [scrapy.crawler] INFO: Received SIGINT twice, forcing unclean shutdown
